### ISSUE TITLE
segmentation fault

### ISSUE THREAD

**Issue by antkss** [OpenRC/openrc#866]
command: ```bash openrc -o sysinit --user```
openrc (OpenRC) 0.62.2
```asm
LEGEND: STACK | HEAP | CODE | DATA | WX | RODATA
─────────────────────────────────────────────────────────────────────[ REGISTERS / show-flags on / show-compact-regs on ]─────────────────────────────────────────────────────────────────────
RAX 0                                                                                            RBX 0x7fffffffe9f2 ◂— 0x74696e69737973 /* 'sysinit' */
RDI 0x7fffffffe9f2 ◂— 0x74696e69737973 /* 'sysinit' */                                           RCX 0x73
RSI 0                                                                                            R11 0x216
RDX 0xb                                                                                          R12 0x55555555c066 ◂— '/run/openrc/krunlevel'
R10 0x55555555c07c ◂— 'RC_BOOTLEVEL'                                                             R13 0
R8  0x43                                                                                         R14 0
R9  0x8080808080808001                                                                           R15 0x7fffffffe690 ◂— 4
RBP 4                                                                                            RSP 0x7fffffffe4f8 —▸ 0x555555558f4c ◂— test eax, eax
RIP 0x7ffff7f8cc04 (strcmp+36) ◂— movzx edx, byte ptr [rsi + rax]                                EFLAGS0x10246 [ cf PF af ZF sf IF df of ]
──────────────────────────────────────────────────────────────────────────────────────────[ STACK ]───────────────────────────────────────────────────────────────────────────────────────────
00:0000│ rsp 0x7fffffffe4f8 —▸ 0x555555558f4c ◂— test eax, eax
01:0008│     0x7fffffffe500 —▸ 0x7fffffffe698 —▸ 0x7fffffffe9e2 ◂— '/sbin/openrc'
02:0010│     0x7fffffffe508 ◂— 4
03:0018│     0x7fffffffe510 —▸ 0x55555555e800 —▸ 0x55555555cc77 ◂— 0x706f74732d6f6e /* 'no-stop' */
04:0020│     0x7fffffffe518 —▸ 0x555555557186 ◂— test al, al
05:0028│     0x7fffffffe520 ◂— 0xd68 /* 'h\r' */
─────────────────────────────────────────────────────────────────────────────[ DISASM / x86-64 / set emulate on ]─────────────────────────────────────────────────────────────────────────────
    ► 0x7ffff7f8cc04 <strcmp+36>   movzx  edx, byte ptr [rsi + rax]     <Cannot dereference [0x0]>
      0x7ffff7f8cc08 <strcmp+40>   cmp    cl, dl
      0x7ffff7f8cc0a <strcmp+42>   jne    0x7ffff7f8cc18              <strcmp+56>
      0x7ffff7f8cc0c <strcmp+44>   add    rax, 1
      0x7ffff7f8cc10 <strcmp+48>   test   dl, dl

───────────────────────────────────────────────────────────────────────────────────────────────────────────────────
```

**Comment by antkss** [comment]
there's 1 more thing 
when run like this 
``` 
as@~🍎 openrc --user
as@~🍎
```
it's normal 
no daemon is created 
but when logout and login again with ``` openrc --user ``` inside /etc/profile
daemon can be created more than 2 times

**Comment by antkss** [comment]
sorry, my language, but is that a bug ?

**Comment by navi-desu** [comment]
i don't see what behaviour would be considered a bug on the second comment, but i didn't properly understand what "daemons" you speak of

the first comment is indeed a bug, i'll fix it

**Comment by antkss** [comment]
> i don't see what behaviour would be considered a bug on the second comment, but i didn't properly understand what "daemons" you speak of
> 
> the first comment is indeed a bug, i'll fix it

yes it's mean supervise-daemon
